Using pre-set license
Built from '2020.3/staging' branch; Version is '2020.3.28f1 (f5400f52e03f) revision 16072719'; Using compiler version '192528614'; Build Type 'Release'
OS: 'Windows 11  (10.0.22000) 64bit Core' Language: 'ko' Physical Memory: 8052 MB
BatchMode: 1, IsHumanControllingUs: 0, StartBugReporterOnCrash: 0, Is64bit: 1, IsPro: 0

COMMAND LINE ARGUMENTS:
C:\Users\dlthd\OneDrive\바탕 화면\unity\2020.3.28f1\Editor\Unity.exe
-adb2
-batchMode
-noUpm
-name
AssetImportWorker0
-projectPath
C:/Users/dlthd/OneDrive/바탕 화면/Bullet/PotionMaker/PotionMaker
-logFile
Logs/AssetImportWorker0.log
-srvPort
52980
Successfully changed project path to: C:/Users/dlthd/OneDrive/바탕 화면/Bullet/PotionMaker/PotionMaker
C:/Users/dlthd/OneDrive/바탕 화면/Bullet/PotionMaker/PotionMaker
Using Asset Import Pipeline V2.
Refreshing native plugins compatible for Editor in 201.31 ms, found 3 plugins.
Preloading 0 native plugins for Editor in 0.00 ms.
Initialize engine version: 2020.3.28f1 (f5400f52e03f)
[Subsystems] Discovering subsystems at path C:/Users/dlthd/OneDrive/바탕 화면/unity/2020.3.28f1/Editor/Data/Resources/UnitySubsystems
[Subsystems] Discovering subsystems at path C:/Users/dlthd/OneDrive/바탕 화면/Bullet/PotionMaker/PotionMaker/Assets
GfxDevice: creating device client; threaded=0
Direct3D:
    Version:  Direct3D 11.0 [level 11.1]
    Renderer: Intel(R) UHD Graphics 620 (ID=0x3ea0)
    Vendor:   
    VRAM:     4026 MB
    Driver:   25.20.100.6471
Initialize mono
Mono path[0] = 'C:/Users/dlthd/OneDrive/바탕 화면/unity/2020.3.28f1/Editor/Data/Managed'
Mono path[1] = 'C:/Users/dlthd/OneDrive/바탕 화면/unity/2020.3.28f1/Editor/Data/MonoBleedingEdge/lib/mono/unityjit'
Mono config path = 'C:/Users/dlthd/OneDrive/바탕 화면/unity/2020.3.28f1/Editor/Data/MonoBleedingEdge/etc'
Using monoOptions --debugger-agent=transport=dt_socket,embedding=1,server=y,suspend=n,address=127.0.0.1:56520
Begin MonoManager ReloadAssembly
Registering precompiled unity dll's ...
Register platform support module: C:/Users/dlthd/OneDrive/바탕 화면/unity/2020.3.28f1/Editor/Data/PlaybackEngines/WindowsStandaloneSupport/UnityEditor.WindowsStandalone.Extensions.dll
Registered in 0.138688 seconds.
Native extension for WindowsStandalone target not found
Refreshing native plugins compatible for Editor in 50.95 ms, found 3 plugins.
Preloading 0 native plugins for Editor in 0.00 ms.
Mono: successfully reloaded assembly
- Completed reload, in  3.747 seconds
Domain Reload Profiling:
	ReloadAssembly (3747ms)
		BeginReloadAssembly (2913ms)
			ExecutionOrderSort (0ms)
			DisableScriptedObjects (0ms)
			BackupInstance (0ms)
			ReleaseScriptingObjects (0ms)
			CreateAndSetChildDomain (2ms)
		EndReloadAssembly (601ms)
			LoadAssemblies (2907ms)
			RebuildTransferFunctionScriptingTraits (0ms)
			SetupTypeCache (203ms)
			ReleaseScriptCaches (0ms)
			RebuildScriptCaches (34ms)
			SetupLoadedEditorAssemblies (226ms)
				LogAssemblyErrors (0ms)
				InitializePlatformSupportModulesInManaged (7ms)
				SetLoadedEditorAssemblies (0ms)
				RefreshPlugins (51ms)
				BeforeProcessingInitializeOnLoad (10ms)
				ProcessInitializeOnLoadAttributes (113ms)
				ProcessInitializeOnLoadMethodAttributes (45ms)
				AfterProcessingInitializeOnLoad (0ms)
				EditorAssembliesLoaded (0ms)
			ExecutionOrderSort2 (0ms)
			AwakeInstancesAfterBackupRestoration (0ms)
Platform modules already initialized, skipping
Registering precompiled user dll's ...
Registered in 0.935746 seconds.
Begin MonoManager ReloadAssembly
Native extension for WindowsStandalone target not found
Refreshing native plugins compatible for Editor in 50.89 ms, found 3 plugins.
Preloading 0 native plugins for Editor in 0.00 ms.
Mono: successfully reloaded assembly
- Completed reload, in  6.040 seconds
Domain Reload Profiling:
	ReloadAssembly (6047ms)
		BeginReloadAssembly (415ms)
			ExecutionOrderSort (0ms)
			DisableScriptedObjects (16ms)
			BackupInstance (0ms)
			ReleaseScriptingObjects (0ms)
			CreateAndSetChildDomain (46ms)
		EndReloadAssembly (5469ms)
			LoadAssemblies (3266ms)
			RebuildTransferFunctionScriptingTraits (0ms)
			SetupTypeCache (414ms)
			ReleaseScriptCaches (0ms)
			RebuildScriptCaches (58ms)
			SetupLoadedEditorAssemblies (1691ms)
				LogAssemblyErrors (0ms)
				InitializePlatformSupportModulesInManaged (4ms)
				SetLoadedEditorAssemblies (0ms)
				RefreshPlugins (51ms)
				BeforeProcessingInitializeOnLoad (92ms)
				ProcessInitializeOnLoadAttributes (323ms)
				ProcessInitializeOnLoadMethodAttributes (1201ms)
				AfterProcessingInitializeOnLoad (20ms)
				EditorAssembliesLoaded (0ms)
			ExecutionOrderSort2 (0ms)
			AwakeInstancesAfterBackupRestoration (9ms)
Platform modules already initialized, skipping
========================================================================
Worker process is ready to serve import requests
Launched and connected shader compiler UnityShaderCompiler.exe after 0.14 seconds
Refreshing native plugins compatible for Editor in 0.85 ms, found 3 plugins.
Preloading 0 native plugins for Editor in 0.00 ms.
Unloading 2197 Unused Serialized files (Serialized files now loaded: 0)
System memory in use before: 95.9 MB.
System memory in use after: 95.9 MB.

Unloading 34 unused Assets to reduce memory usage. Loaded Objects now: 2624.
Total: 7.056600 ms (FindLiveObjects: 0.227600 ms CreateObjectMapping: 0.116100 ms MarkObjects: 6.487500 ms  DeleteObjects: 0.223800 ms)

AssetImportParameters requested are different than current active one (requested -> active):
  custom:framework-win-MediaFoundation: 216162199b28c13a410421893ffa2e32 -> 
  custom:video-decoder-ogg-theora: a1e56fd34408186e4bbccfd4996cb3dc -> 
  custom:container-muxer-webm: aa71ff27fc2769a1b78a27578f13a17b -> 
  custom:container-demuxer-webm: 4f35f7cbe854078d1ac9338744f61a02 -> 
  custom:container-demuxer-ogg: 62fdf1f143b41e24485cea50d1cbac27 -> 
  custom:video-encoder-webm-vp8: eb34c28f22e8b96e1ab97ce403110664 -> 
  custom:video-decoder-webm-vp8: 9c59270c3fd7afecdb556c50c9e8de78 -> 
  custom:audio-decoder-ogg-vorbis: bf7c407c2cedff20999df2af8eb42d56 -> 
  custom:audio-encoder-webm-vorbis: bf7c407c2cedff20999df2af8eb42d56 -> 
========================================================================
Received Import Request.
  path: Assets/Sprites/WhichRightWalk.png
  artifactKey: Guid(e6b044d7a27ba844cad01350c622dec2) Importer(815301076,1909f56bfc062723c751e8b465ee728b)
Start importing Assets/Sprites/WhichRightWalk.png using Guid(e6b044d7a27ba844cad01350c622dec2) Importer(815301076,1909f56bfc062723c751e8b465ee728b)  -> (artifact id: '21d337983d656dcbf92da5bacbb925fb') in 0.153631 seconds 
  Import took 0.159953 seconds .

========================================================================
Received Import Request.
  Time since last request: 14.487613 seconds.
  path: Assets/Sprites/WhichRightWalk.png
  artifactKey: Guid(e6b044d7a27ba844cad01350c622dec2) Importer(815301076,1909f56bfc062723c751e8b465ee728b)
Start importing Assets/Sprites/WhichRightWalk.png using Guid(e6b044d7a27ba844cad01350c622dec2) Importer(815301076,1909f56bfc062723c751e8b465ee728b)  -> (artifact id: '7a16f8809aa0e946ceb74f7fd22797ad') in 0.016898 seconds 
  Import took 0.024474 seconds .

========================================================================
Received Import Request.
  Time since last request: 6.770151 seconds.
  path: Assets/Sprites/WhichRightWalk.png
  artifactKey: Guid(e6b044d7a27ba844cad01350c622dec2) Importer(815301076,1909f56bfc062723c751e8b465ee728b)
Start importing Assets/Sprites/WhichRightWalk.png using Guid(e6b044d7a27ba844cad01350c622dec2) Importer(815301076,1909f56bfc062723c751e8b465ee728b)  -> (artifact id: '9b54fd6e7425495ee6f4e5527d2f1442') in 0.018714 seconds 
  Import took 0.023582 seconds .

========================================================================
Received Import Request.
  Time since last request: 13.760035 seconds.
  path: Assets/Sprites/WhichRightWalk.png
  artifactKey: Guid(e6b044d7a27ba844cad01350c622dec2) Importer(815301076,1909f56bfc062723c751e8b465ee728b)
Start importing Assets/Sprites/WhichRightWalk.png using Guid(e6b044d7a27ba844cad01350c622dec2) Importer(815301076,1909f56bfc062723c751e8b465ee728b)  -> (artifact id: '85e9798623aa110baf6ee70919d9af77') in 0.039545 seconds 
  Import took 0.044870 seconds .

========================================================================
Received Import Request.
  Time since last request: 11.061056 seconds.
  path: Assets/Sprites/WhichLeftWalk.png
  artifactKey: Guid(a5d0062aaac78ab43a2088fde35b7070) Importer(815301076,1909f56bfc062723c751e8b465ee728b)
Start importing Assets/Sprites/WhichLeftWalk.png using Guid(a5d0062aaac78ab43a2088fde35b7070) Importer(815301076,1909f56bfc062723c751e8b465ee728b)  -> (artifact id: '725ca5efb4a811237f8c37994522062d') in 0.024563 seconds 
  Import took 0.030016 seconds .

========================================================================
Received Import Request.
  Time since last request: 9.317500 seconds.
  path: Assets/Sprites/WhichLeftWalk.png
  artifactKey: Guid(a5d0062aaac78ab43a2088fde35b7070) Importer(815301076,1909f56bfc062723c751e8b465ee728b)
Start importing Assets/Sprites/WhichLeftWalk.png using Guid(a5d0062aaac78ab43a2088fde35b7070) Importer(815301076,1909f56bfc062723c751e8b465ee728b)  -> (artifact id: '12ea9ae45bc2514c99ebdd0808651cd1') in 0.015466 seconds 
  Import took 0.021240 seconds .

========================================================================
Received Import Request.
  Time since last request: 9.226861 seconds.
  path: Assets/Sprites/WhichLeftWalk.png
  artifactKey: Guid(a5d0062aaac78ab43a2088fde35b7070) Importer(815301076,1909f56bfc062723c751e8b465ee728b)
Start importing Assets/Sprites/WhichLeftWalk.png using Guid(a5d0062aaac78ab43a2088fde35b7070) Importer(815301076,1909f56bfc062723c751e8b465ee728b)  -> (artifact id: 'baba773bb7c8278b6b8d5a508b5bf0de') in 0.065689 seconds 
  Import took 0.076218 seconds .

========================================================================
Received Import Request.
  Time since last request: 5.554804 seconds.
  path: Assets/Sprites/WhichBackWalk.png
  artifactKey: Guid(61a9915b40acdd04aaaf59b96dfb0cb0) Importer(815301076,1909f56bfc062723c751e8b465ee728b)
Start importing Assets/Sprites/WhichBackWalk.png using Guid(61a9915b40acdd04aaaf59b96dfb0cb0) Importer(815301076,1909f56bfc062723c751e8b465ee728b)  -> (artifact id: '83da522e02513ea46ead7020690e184b') in 0.024905 seconds 
  Import took 0.036438 seconds .

========================================================================
Received Import Request.
  Time since last request: 8.674716 seconds.
  path: Assets/Sprites/WhichBackWalk.png
  artifactKey: Guid(61a9915b40acdd04aaaf59b96dfb0cb0) Importer(815301076,1909f56bfc062723c751e8b465ee728b)
Start importing Assets/Sprites/WhichBackWalk.png using Guid(61a9915b40acdd04aaaf59b96dfb0cb0) Importer(815301076,1909f56bfc062723c751e8b465ee728b)  -> (artifact id: '5c6385af9d65317abd5f25fe3f3c9838') in 0.016807 seconds 
  Import took 0.021864 seconds .

========================================================================
Received Import Request.
  Time since last request: 6.537632 seconds.
  path: Assets/Sprites/WhichBackWalk.png
  artifactKey: Guid(61a9915b40acdd04aaaf59b96dfb0cb0) Importer(815301076,1909f56bfc062723c751e8b465ee728b)
Start importing Assets/Sprites/WhichBackWalk.png using Guid(61a9915b40acdd04aaaf59b96dfb0cb0) Importer(815301076,1909f56bfc062723c751e8b465ee728b)  -> (artifact id: '1bdf10a6cd9081553990d5a7a559630b') in 0.046911 seconds 
  Import took 0.057525 seconds .

========================================================================
Received Import Request.
  Time since last request: 520.361671 seconds.
  path: Assets/Sprites/witchplayer_3.asset
  artifactKey: Guid(19f318c3d182c7d43b6854deae7a2981) Importer(815301076,1909f56bfc062723c751e8b465ee728b)
Start importing Assets/Sprites/witchplayer_3.asset using Guid(19f318c3d182c7d43b6854deae7a2981) Importer(815301076,1909f56bfc062723c751e8b465ee728b)  -> (artifact id: '1010cfc126843fe496963343c1337227') in 0.053356 seconds 
  Import took 0.060148 seconds .

========================================================================
Received Import Request.
  Time since last request: 3.919049 seconds.
  path: Assets/Sprites/witchplayer_0.asset
  artifactKey: Guid(5f942309db9cd734fa68903c9b31d320) Importer(815301076,1909f56bfc062723c751e8b465ee728b)
Start importing Assets/Sprites/witchplayer_0.asset using Guid(5f942309db9cd734fa68903c9b31d320) Importer(815301076,1909f56bfc062723c751e8b465ee728b)  -> (artifact id: 'b9d75d3924741d7674e3c60ecdf42b8d') in 0.025048 seconds 
  Import took 0.031460 seconds .

========================================================================
Received Import Request.
  Time since last request: 8.771600 seconds.
  path: Assets/Sprites/witchplayer_4.asset
  artifactKey: Guid(5f942309db9cd734fa68903c9b31d320) Importer(815301076,1909f56bfc062723c751e8b465ee728b)
Start importing Assets/Sprites/witchplayer_4.asset using Guid(5f942309db9cd734fa68903c9b31d320) Importer(815301076,1909f56bfc062723c751e8b465ee728b)  -> (artifact id: '07f24dc0f7cedfd2550419ed232fe465') in 0.026955 seconds 
  Import took 0.033714 seconds .

========================================================================
Received Import Request.
  Time since last request: 3.656000 seconds.
  path: Assets/Sprites/witchplayer_1.asset
  artifactKey: Guid(ce711415ac7b3e744a730d7c13c75ad8) Importer(815301076,1909f56bfc062723c751e8b465ee728b)
Start importing Assets/Sprites/witchplayer_1.asset using Guid(ce711415ac7b3e744a730d7c13c75ad8) Importer(815301076,1909f56bfc062723c751e8b465ee728b)  -> (artifact id: '7fc622ac5dfc2bec3deb9bda9ce76397') in 0.022703 seconds 
  Import took 0.033168 seconds .

========================================================================
Received Import Request.
  Time since last request: 5.273577 seconds.
  path: Assets/Sprites/witchplayer_5.asset
  artifactKey: Guid(ce711415ac7b3e744a730d7c13c75ad8) Importer(815301076,1909f56bfc062723c751e8b465ee728b)
Start importing Assets/Sprites/witchplayer_5.asset using Guid(ce711415ac7b3e744a730d7c13c75ad8) Importer(815301076,1909f56bfc062723c751e8b465ee728b)  -> (artifact id: 'a25d0a0c0d0655c65ef54b4a9c0dbc58') in 0.025700 seconds 
  Import took 0.032165 seconds .

========================================================================
Received Import Request.
  Time since last request: 1.242635 seconds.
  path: Assets/Sprites/witchplayer_2.asset
  artifactKey: Guid(8ee359feacc71494db8fab7c794448e6) Importer(815301076,1909f56bfc062723c751e8b465ee728b)
Start importing Assets/Sprites/witchplayer_2.asset using Guid(8ee359feacc71494db8fab7c794448e6) Importer(815301076,1909f56bfc062723c751e8b465ee728b)  -> (artifact id: '6d6bea533ded9c08e5479c9ecea559c2') in 0.031883 seconds 
  Import took 0.041021 seconds .

========================================================================
Received Import Request.
  Time since last request: 3.526448 seconds.
  path: Assets/Sprites/witchplayer_6.asset
  artifactKey: Guid(8ee359feacc71494db8fab7c794448e6) Importer(815301076,1909f56bfc062723c751e8b465ee728b)
Start importing Assets/Sprites/witchplayer_6.asset using Guid(8ee359feacc71494db8fab7c794448e6) Importer(815301076,1909f56bfc062723c751e8b465ee728b)  -> (artifact id: '25cf05dccc3f1a502fc269c5a8ccbfb1') in 0.024039 seconds 
  Import took 0.029398 seconds .

========================================================================
Received Import Request.
  Time since last request: 5.534493 seconds.
  path: Assets/Sprites/witchplayer_7.asset
  artifactKey: Guid(19f318c3d182c7d43b6854deae7a2981) Importer(815301076,1909f56bfc062723c751e8b465ee728b)
Start importing Assets/Sprites/witchplayer_7.asset using Guid(19f318c3d182c7d43b6854deae7a2981) Importer(815301076,1909f56bfc062723c751e8b465ee728b)  -> (artifact id: '38465bdc180039598022080ccfa027ec') in 0.022631 seconds 
  Import took 0.032136 seconds .

========================================================================
Received Import Request.
  Time since last request: 866.136158 seconds.
  path: Assets/Animation/Character/witchplayer_0.controller
  artifactKey: Guid(398877a85e0b166478531101d163e159) Importer(815301076,1909f56bfc062723c751e8b465ee728b)
Start importing Assets/Animation/Character/witchplayer_0.controller using Guid(398877a85e0b166478531101d163e159) Importer(815301076,1909f56bfc062723c751e8b465ee728b)  -> (artifact id: '1f781c5b07f9669e9ae33d5d61415d79') in 0.032920 seconds 
  Import took 0.040403 seconds .

========================================================================
Received Prepare
Registering precompiled user dll's ...
Registered in 0.259399 seconds.
Begin MonoManager ReloadAssembly
Native extension for WindowsStandalone target not found
Refreshing native plugins compatible for Editor in 0.56 ms, found 3 plugins.
Preloading 0 native plugins for Editor in 0.00 ms.
Mono: successfully reloaded assembly
- Completed reload, in  1.509 seconds
Domain Reload Profiling:
	ReloadAssembly (1514ms)
		BeginReloadAssembly (349ms)
			ExecutionOrderSort (0ms)
			DisableScriptedObjects (43ms)
			BackupInstance (0ms)
			ReleaseScriptingObjects (0ms)
			CreateAndSetChildDomain (125ms)
		EndReloadAssembly (1076ms)
			LoadAssemblies (196ms)
			RebuildTransferFunctionScriptingTraits (0ms)
			SetupTypeCache (375ms)
			ReleaseScriptCaches (1ms)
			RebuildScriptCaches (49ms)
			SetupLoadedEditorAssemblies (397ms)
				LogAssemblyErrors (0ms)
				InitializePlatformSupportModulesInManaged (5ms)
				SetLoadedEditorAssemblies (1ms)
				RefreshPlugins (1ms)
				BeforeProcessingInitializeOnLoad (94ms)
				ProcessInitializeOnLoadAttributes (266ms)
				ProcessInitializeOnLoadMethodAttributes (16ms)
				AfterProcessingInitializeOnLoad (14ms)
				EditorAssembliesLoaded (1ms)
			ExecutionOrderSort2 (0ms)
			AwakeInstancesAfterBackupRestoration (13ms)
Platform modules already initialized, skipping
Refreshing native plugins compatible for Editor in 0.54 ms, found 3 plugins.
Preloading 0 native plugins for Editor in 0.00 ms.
Unloading 2192 Unused Serialized files (Serialized files now loaded: 0)
System memory in use before: 98.9 MB.
System memory in use after: 98.8 MB.

Unloading 23 unused Assets to reduce memory usage. Loaded Objects now: 2648.
Total: 4.465900 ms (FindLiveObjects: 0.239900 ms CreateObjectMapping: 0.144900 ms MarkObjects: 3.937400 ms  DeleteObjects: 0.142500 ms)

AssetImportParameters requested are different than current active one (requested -> active):
  custom:framework-win-MediaFoundation: 216162199b28c13a410421893ffa2e32 -> 
  custom:video-decoder-ogg-theora: a1e56fd34408186e4bbccfd4996cb3dc -> 
  custom:container-muxer-webm: aa71ff27fc2769a1b78a27578f13a17b -> 
  custom:container-demuxer-webm: 4f35f7cbe854078d1ac9338744f61a02 -> 
  custom:container-demuxer-ogg: 62fdf1f143b41e24485cea50d1cbac27 -> 
  custom:video-encoder-webm-vp8: eb34c28f22e8b96e1ab97ce403110664 -> 
  custom:video-decoder-webm-vp8: 9c59270c3fd7afecdb556c50c9e8de78 -> 
  custom:audio-decoder-ogg-vorbis: bf7c407c2cedff20999df2af8eb42d56 -> 
  custom:audio-encoder-webm-vorbis: bf7c407c2cedff20999df2af8eb42d56 -> 
========================================================================
Received Import Request.
  Time since last request: 1511.016541 seconds.
  path: Assets/Scripts/MovingObject.cs
  artifactKey: Guid(dc4f9a0514ecabb4191efb625ae8a8de) Importer(815301076,1909f56bfc062723c751e8b465ee728b)
Start importing Assets/Scripts/MovingObject.cs using Guid(dc4f9a0514ecabb4191efb625ae8a8de) Importer(815301076,1909f56bfc062723c751e8b465ee728b)  -> (artifact id: '0ec56ec0e26f53b5ab3a43180cb1bfe3') in 0.028717 seconds 
  Import took 0.033488 seconds .

AssetImportWorkerClient::OnTransportError - code=2 error=End of file
